<?xml version="1.0" encoding="UTF-8"?>
<!-- Generated by org.testng.reporters.JUnitReportReporter -->
<testsuite hostname="Vinita" failures="0" tests="1" name="Blog.Blog" time="34.485" errors="0" timestamp="2024-05-19T17:52:38 IST" skipped="0">
  <testcase classname="Blog.Blog" name="blog" time="34.485"/>
</testsuite> <!-- Blog.Blog -->
