<?xml version="1.0" encoding="UTF-8"?>
<!-- Generated by org.testng.reporters.JUnitReportReporter -->
<testsuite hostname="Vinita" failures="0" tests="1" name="Technologies.mobileappdev" time="2.292" errors="0" timestamp="2024-05-18T18:03:34 IST" skipped="0">
  <testcase classname="Technologies.mobileappdev" name="Technology" time="2.292"/>
</testsuite> <!-- Technologies.mobileappdev -->
