<?xml version="1.0" encoding="UTF-8"?>
<!-- Generated by org.testng.reporters.JUnitReportReporter -->
<testsuite hostname="Vinita" failures="0" tests="4" name="Verticals.Healthcare" time="17.261" errors="0" timestamp="2024-05-18T15:01:09 IST" skipped="0">
  <testcase classname="Verticals.Healthcare" name="vertical" time="2.247"/>
  <testcase classname="Verticals.Healthcare" name="health" time="5.542"/>
  <testcase classname="Verticals.Healthcare" name="diet" time="5.767"/>
  <testcase classname="Verticals.Healthcare" name="healthtrack" time="3.705"/>
</testsuite> <!-- Verticals.Healthcare -->
