<?xml version="1.0" encoding="UTF-8"?>
<!-- Generated by org.testng.reporters.JUnitReportReporter -->
<testsuite hostname="Vinita" failures="0" tests="1" name="CONTACTUS.Contactus" time="5.076" errors="0" timestamp="2024-05-19T17:55:34 IST" skipped="0">
  <testcase classname="CONTACTUS.Contactus" name="contact" time="5.076"/>
</testsuite> <!-- CONTACTUS.Contactus -->
