<?xml version="1.0" encoding="UTF-8"?>
<!-- Generated by org.testng.reporters.JUnitReportReporter -->
<testsuite hostname="Vinita" failures="0" tests="4" name="Verticals.Fintech" time="19.194" errors="0" timestamp="2024-05-18T15:11:47 IST" skipped="0">
  <testcase classname="Verticals.Fintech" name="vertical" time="2.190"/>
  <testcase classname="Verticals.Fintech" name="fintech" time="5.348"/>
  <testcase classname="Verticals.Fintech" name="possoft" time="4.489"/>
  <testcase classname="Verticals.Fintech" name="crypto" time="7.167"/>
</testsuite> <!-- Verticals.Fintech -->
