<?xml version="1.0" encoding="UTF-8"?>
<!-- Generated by org.testng.reporters.JUnitReportReporter -->
<testsuite hostname="Vinita" failures="0" tests="1" name="Technologies.artificialintelligence" time="2.384" errors="0" timestamp="2024-05-18T18:07:07 IST" skipped="0">
  <testcase classname="Technologies.artificialintelligence" name="Artificial" time="2.384"/>
</testsuite> <!-- Technologies.artificialintelligence -->
