<?xml version="1.0" encoding="UTF-8"?>
<!-- Generated by org.testng.reporters.JUnitReportReporter -->
<testsuite hostname="Vinita" failures="0" tests="3" name="Verticals.Verticals" time="34.008" errors="0" timestamp="2024-05-19T17:48:53 IST" skipped="0">
  <testcase classname="Verticals.Verticals" name="verticals" time="2.282"/>
  <testcase classname="Verticals.Verticals" name="Trading" time="29.541"/>
  <testcase classname="Verticals.Verticals" name="RetailandEcommerce" time="2.185"/>
</testsuite> <!-- Verticals.Verticals -->
