<?xml version="1.0" encoding="UTF-8"?>
<!-- Generated by org.testng.reporters.JUnitReportReporter -->
<testsuite hostname="Vinita" failures="0" tests="3" name="Verticals.Retailecommerce" time="23.376" errors="0" timestamp="2024-05-18T15:29:28 IST" skipped="0">
  <testcase classname="Verticals.Retailecommerce" name="vertical" time="2.202"/>
  <testcase classname="Verticals.Retailecommerce" name="Retaileccomerce" time="13.243"/>
  <testcase classname="Verticals.Retailecommerce" name="ecommapp" time="7.931"/>
</testsuite> <!-- Verticals.Retailecommerce -->
