<?xml version="1.0" encoding="UTF-8"?>
<!-- Generated by org.testng.reporters.JUnitReportReporter -->
<testsuite hostname="Vinita" failures="0" tests="1" name="Portfolio.Portfolio" time="4.884" errors="0" timestamp="2024-05-19T17:51:22 IST" skipped="0">
  <testcase classname="Portfolio.Portfolio" name="portfolio" time="4.884"/>
</testsuite> <!-- Portfolio.Portfolio -->
