<?xml version="1.0" encoding="UTF-8"?>
<!-- Generated by org.testng.reporters.JUnitReportReporter -->
<testsuite hostname="Vinita" failures="0" tests="4" name="Technologies.Technologies" time="11.380" errors="0" timestamp="2024-05-19T17:53:50 IST" skipped="0">
  <testcase classname="Technologies.Technologies" name="Technology" time="2.237"/>
  <testcase classname="Technologies.Technologies" name="tech" time="4.593"/>
  <testcase classname="Technologies.Technologies" name="mobileapp" time="2.217"/>
  <testcase classname="Technologies.Technologies" name="artificialint" time="2.333"/>
</testsuite> <!-- Technologies.Technologies -->
