<?xml version="1.0" encoding="UTF-8"?>
<!-- Generated by org.testng.reporters.JUnitReportReporter -->
<testsuite hostname="Vinita" failures="0" tests="1" name="Aboutus.Aboutus" time="4.580" errors="0" timestamp="2024-05-18T15:36:20 IST" skipped="0">
  <testcase classname="Aboutus.Aboutus" name="about" time="4.580"/>
</testsuite> <!-- Aboutus.Aboutus -->
