<?xml version="1.0" encoding="UTF-8"?>
<!-- Generated by org.testng.reporters.JUnitReportReporter -->
<testsuite hostname="Vinita" failures="0" tests="10" name="Verticals.customapp" time="50.630" errors="0" timestamp="2024-05-18T15:28:24 IST" skipped="0">
  <testcase classname="Verticals.customapp" name="vertical" time="2.198"/>
  <testcase classname="Verticals.customapp" name="customapp" time="2.255"/>
  <testcase classname="Verticals.customapp" name="deskapp" time="6.297"/>
  <testcase classname="Verticals.customapp" name="hrmapp" time="5.459"/>
  <testcase classname="Verticals.customapp" name="travel" time="5.947"/>
  <testcase classname="Verticals.customapp" name="datingapp" time="5.401"/>
  <testcase classname="Verticals.customapp" name="crmdev" time="5.367"/>
  <testcase classname="Verticals.customapp" name="erpdev" time="5.350"/>
  <testcase classname="Verticals.customapp" name="elearning" time="5.941"/>
  <testcase classname="Verticals.customapp" name="realestate" time="6.415"/>
</testsuite> <!-- Verticals.customapp -->
